[0m16:27:34.783438 [debug] [MainThread]: Sending event: {'category': 'dbt', 'action': 'invocation', 'label': 'start', 'context': [<snowplow_tracker.self_describing_json.SelfDescribingJson object at 0x0000026F2A4E8AF0>, <snowplow_tracker.self_describing_json.SelfDescribingJson object at 0x0000026F2D0179A0>, <snowplow_tracker.self_describing_json.SelfDescribingJson object at 0x0000026F2D0177C0>]}


============================== 16:27:34.790441 | 2d86dbbc-c945-4634-af61-1cfe0aaff04c ==============================
[0m16:27:34.790441 [info ] [MainThread]: Running with dbt=1.7.18
[0m16:27:34.791438 [debug] [MainThread]: running dbt with arguments {'printer_width': '80', 'indirect_selection': 'eager', 'write_json': 'True', 'log_cache_events': 'False', 'partial_parse': 'True', 'cache_selected_only': 'False', 'warn_error': 'None', 'version_check': 'True', 'fail_fast': 'False', 'log_path': 'logs', 'debug': 'False', 'profiles_dir': 'C:\\Users\\mwecker\\.dbt', 'use_colors': 'True', 'use_experimental_parser': 'False', 'no_print': 'None', 'quiet': 'False', 'warn_error_options': 'WarnErrorOptions(include=[], exclude=[])', 'introspect': 'True', 'static_parser': 'True', 'log_format': 'default', 'target_path': 'None', 'invocation_command': 'dbt debug', 'send_anonymous_usage_stats': 'True'}
[0m16:27:34.793439 [info ] [MainThread]: dbt version: 1.7.18
[0m16:27:34.794440 [info ] [MainThread]: python version: 3.10.10
[0m16:27:34.795438 [info ] [MainThread]: python path: C:\Users\mwecker\Documents\dbt\venv\Scripts\python.exe
[0m16:27:34.796442 [info ] [MainThread]: os info: Windows-10-10.0.22631-SP0
[0m16:27:34.804439 [info ] [MainThread]: Error importing adapter: No module named 'dbt.adapters.bigquery'
[0m16:27:34.809441 [info ] [MainThread]: Error importing adapter: No module named 'dbt.adapters.bigquery'
[0m16:27:34.811440 [info ] [MainThread]: Using profiles dir at C:\Users\mwecker\.dbt
[0m16:27:34.813442 [info ] [MainThread]: Using profiles.yml file at C:\Users\mwecker\.dbt\profiles.yml
[0m16:27:34.814439 [info ] [MainThread]: Using dbt_project.yml file at C:\Users\mwecker\Documents\dbt\dbt_project.yml
[0m16:27:34.815440 [info ] [MainThread]: Configuration:
[0m16:27:34.817440 [info ] [MainThread]:   profiles.yml file [[31mERROR invalid[0m]
[0m16:27:34.819440 [info ] [MainThread]:   dbt_project.yml file [[31mERROR not found[0m]
[0m16:27:34.821444 [info ] [MainThread]: Required dependencies:
[0m16:27:34.822440 [debug] [MainThread]: Executing "git --help"
[0m16:27:34.934996 [debug] [MainThread]: STDOUT: "b"usage: git [-v | --version] [-h | --help] [-C <path>] [-c <name>=<value>]\n           [--exec-path[=<path>]] [--html-path] [--man-path] [--info-path]\n           [-p | --paginate | -P | --no-pager] [--no-replace-objects] [--no-lazy-fetch]\n           [--no-optional-locks] [--no-advice] [--bare] [--git-dir=<path>]\n           [--work-tree=<path>] [--namespace=<name>] [--config-env=<name>=<envvar>]\n           <command> [<args>]\n\nThese are common Git commands used in various situations:\n\nstart a working area (see also: git help tutorial)\n   clone     Clone a repository into a new directory\n   init      Create an empty Git repository or reinitialize an existing one\n\nwork on the current change (see also: git help everyday)\n   add       Add file contents to the index\n   mv        Move or rename a file, a directory, or a symlink\n   restore   Restore working tree files\n   rm        Remove files from the working tree and from the index\n\nexamine the history and state (see also: git help revisions)\n   bisect    Use binary search to find the commit that introduced a bug\n   diff      Show changes between commits, commit and working tree, etc\n   grep      Print lines matching a pattern\n   log       Show commit logs\n   show      Show various types of objects\n   status    Show the working tree status\n\ngrow, mark and tweak your common history\n   branch    List, create, or delete branches\n   commit    Record changes to the repository\n   merge     Join two or more development histories together\n   rebase    Reapply commits on top of another base tip\n   reset     Reset current HEAD to the specified state\n   switch    Switch branches\n   tag       Create, list, delete or verify a tag object signed with GPG\n\ncollaborate (see also: git help workflows)\n   fetch     Download objects and refs from another repository\n   pull      Fetch from and integrate with another repository or a local branch\n   push      Update remote refs along with associated objects\n\n'git help -a' and 'git help -g' list available subcommands and some\nconcept guides. See 'git help <command>' or 'git help <concept>'\nto read about a specific subcommand or concept.\nSee 'git help git' for an overview of the system.\n""
[0m16:27:34.935993 [debug] [MainThread]: STDERR: "b''"
[0m16:27:34.936991 [info ] [MainThread]:  - git [[32mOK found[0m]

[0m16:27:34.937999 [info ] [MainThread]: Connection test skipped since no profile was found
[0m16:27:34.938992 [info ] [MainThread]: [31m2 checks failed:[0m
[0m16:27:34.940998 [info ] [MainThread]: Could not load dbt_project.yml
Profile loading failed for the following reason:
Runtime Error
  Credentials in profile "lessons", target "dev" invalid: Runtime Error
    Could not find adapter type bigquery!

Runtime Error
  Credentials in profile "lessons2", target "dev" invalid: Runtime Error
    Could not find adapter type bigquery!


[0m16:27:34.941999 [info ] [MainThread]: Project loading failed for the following reason:
 project path <C:\Users\mwecker\Documents\dbt\dbt_project.yml> not found

[0m16:27:34.944003 [debug] [MainThread]: Command `dbt debug` failed at 16:27:34.944003 after 0.32 seconds
[0m16:27:34.945999 [debug] [MainThread]: Sending event: {'category': 'dbt', 'action': 'invocation', 'label': 'end', 'context': [<snowplow_tracker.self_describing_json.SelfDescribingJson object at 0x0000026F2A4E8AF0>, <snowplow_tracker.self_describing_json.SelfDescribingJson object at 0x0000026F2D016D10>, <snowplow_tracker.self_describing_json.SelfDescribingJson object at 0x0000026F2D0179D0>]}
[0m16:27:34.947002 [debug] [MainThread]: Flushing usage events
[0m17:05:37.487044 [debug] [MainThread]: Sending event: {'category': 'dbt', 'action': 'invocation', 'label': 'start', 'context': [<snowplow_tracker.self_describing_json.SelfDescribingJson object at 0x0000022BA5A24B20>, <snowplow_tracker.self_describing_json.SelfDescribingJson object at 0x0000022BA8527A00>, <snowplow_tracker.self_describing_json.SelfDescribingJson object at 0x0000022BA8527820>]}


============================== 17:05:37.490045 | af6fec73-552d-49a0-b7c6-3437a964d1a0 ==============================
[0m17:05:37.490045 [info ] [MainThread]: Running with dbt=1.7.18
[0m17:05:37.491560 [debug] [MainThread]: running dbt with arguments {'printer_width': '80', 'indirect_selection': 'eager', 'log_cache_events': 'False', 'write_json': 'True', 'partial_parse': 'True', 'cache_selected_only': 'False', 'profiles_dir': 'C:\\Users\\mwecker\\.dbt', 'debug': 'False', 'fail_fast': 'False', 'log_path': 'logs', 'warn_error': 'None', 'version_check': 'True', 'use_colors': 'True', 'use_experimental_parser': 'False', 'no_print': 'None', 'quiet': 'False', 'warn_error_options': 'WarnErrorOptions(include=[], exclude=[])', 'introspect': 'True', 'invocation_command': 'dbt init dbtlearn', 'static_parser': 'True', 'target_path': 'None', 'log_format': 'default', 'send_anonymous_usage_stats': 'True'}
[0m17:05:37.494571 [debug] [MainThread]: Starter project path: C:\Users\mwecker\Documents\dbt\venv\lib\site-packages\dbt\include\starter_project
[0m17:05:37.527169 [info ] [MainThread]: 
Your new dbt project "dbtlearn" was created!

For more information on how to configure the profiles.yml file,
please consult the dbt documentation here:

  https://docs.getdbt.com/docs/configure-your-profile

One more thing:

Need help? Don't hesitate to reach out to us via GitHub issues or on Slack:

  https://community.getdbt.com/

Happy modeling!

[0m17:05:37.529173 [info ] [MainThread]: Setting up your profile.
[0m17:08:00.875197 [error] [MainThread]: Encountered an error:

[0m17:08:00.892880 [error] [MainThread]: Traceback (most recent call last):
  File "C:\Users\mwecker\Documents\dbt\venv\lib\site-packages\dbt\cli\requires.py", line 91, in wrapper
    result, success = func(*args, **kwargs)
  File "C:\Users\mwecker\Documents\dbt\venv\lib\site-packages\dbt\cli\requires.py", line 76, in wrapper
    return func(*args, **kwargs)
  File "C:\Users\mwecker\Documents\dbt\venv\lib\site-packages\dbt\cli\main.py", line 516, in init
    results = task.run()
  File "C:\Users\mwecker\Documents\dbt\venv\lib\site-packages\dbt\task\init.py", line 344, in run
    self.setup_profile(profile_name)
  File "C:\Users\mwecker\Documents\dbt\venv\lib\site-packages\dbt\task\init.py", line 264, in setup_profile
    self.create_profile_from_target(adapter, profile_name=profile_name)
  File "C:\Users\mwecker\Documents\dbt\venv\lib\site-packages\dbt\task\init.py", line 181, in create_profile_from_target
    self.create_profile_from_profile_template(profile_template, profile_name)
  File "C:\Users\mwecker\Documents\dbt\venv\lib\site-packages\dbt\task\init.py", line 165, in create_profile_from_profile_template
    target = self.generate_target_from_input(prompts, initial_target)
  File "C:\Users\mwecker\Documents\dbt\venv\lib\site-packages\dbt\task\init.py", line 118, in generate_target_from_input
    target = self.generate_target_from_input(
  File "C:\Users\mwecker\Documents\dbt\venv\lib\site-packages\dbt\task\init.py", line 131, in generate_target_from_input
    target[key] = click.prompt(
  File "C:\Users\mwecker\Documents\dbt\venv\lib\site-packages\click\termui.py", line 164, in prompt
    value = prompt_func(prompt)
  File "C:\Users\mwecker\Documents\dbt\venv\lib\site-packages\click\termui.py", line 147, in prompt_func
    raise Abort() from None
click.exceptions.Abort

[0m17:08:00.904423 [debug] [MainThread]: Command `dbt init` failed at 17:08:00.903424 after 143.59 seconds
[0m17:08:00.905423 [debug] [MainThread]: Sending event: {'category': 'dbt', 'action': 'invocation', 'label': 'end', 'context': [<snowplow_tracker.self_describing_json.SelfDescribingJson object at 0x0000022BA5A24B20>, <snowplow_tracker.self_describing_json.SelfDescribingJson object at 0x0000022BA8C13610>, <snowplow_tracker.self_describing_json.SelfDescribingJson object at 0x0000022BA8C122C0>]}
[0m17:08:00.906426 [debug] [MainThread]: Flushing usage events
[0m17:08:14.200947 [debug] [MainThread]: Sending event: {'category': 'dbt', 'action': 'invocation', 'label': 'start', 'context': [<snowplow_tracker.self_describing_json.SelfDescribingJson object at 0x0000021B48D88B80>, <snowplow_tracker.self_describing_json.SelfDescribingJson object at 0x0000021B4B87E4D0>, <snowplow_tracker.self_describing_json.SelfDescribingJson object at 0x0000021B4B87F2B0>]}


============================== 17:08:14.204949 | b6d894e0-712a-4eef-bcf3-9f09aa1f300c ==============================
[0m17:08:14.204949 [info ] [MainThread]: Running with dbt=1.7.18
[0m17:08:14.205946 [debug] [MainThread]: running dbt with arguments {'printer_width': '80', 'indirect_selection': 'eager', 'write_json': 'True', 'log_cache_events': 'False', 'partial_parse': 'True', 'cache_selected_only': 'False', 'warn_error': 'None', 'version_check': 'True', 'debug': 'False', 'log_path': 'logs', 'profiles_dir': 'C:\\Users\\mwecker\\.dbt', 'fail_fast': 'False', 'use_colors': 'True', 'use_experimental_parser': 'False', 'no_print': 'None', 'quiet': 'False', 'warn_error_options': 'WarnErrorOptions(include=[], exclude=[])', 'invocation_command': 'dbt init dbtlearn', 'introspect': 'True', 'static_parser': 'True', 'target_path': 'None', 'log_format': 'default', 'send_anonymous_usage_stats': 'True'}
[0m17:08:14.207948 [info ] [MainThread]: A project called dbtlearn already exists here.
[0m17:08:14.208953 [debug] [MainThread]: Command `dbt init` succeeded at 17:08:14.208953 after 0.44 seconds
[0m17:08:14.210460 [debug] [MainThread]: Sending event: {'category': 'dbt', 'action': 'invocation', 'label': 'end', 'context': [<snowplow_tracker.self_describing_json.SelfDescribingJson object at 0x0000021B48D88B80>, <snowplow_tracker.self_describing_json.SelfDescribingJson object at 0x0000021B4B87E7D0>, <snowplow_tracker.self_describing_json.SelfDescribingJson object at 0x0000021B4B87DE70>]}
[0m17:08:14.211466 [debug] [MainThread]: Flushing usage events
[0m17:09:54.150537 [debug] [MainThread]: Sending event: {'category': 'dbt', 'action': 'invocation', 'label': 'start', 'context': [<snowplow_tracker.self_describing_json.SelfDescribingJson object at 0x00000294CDAC8B50>, <snowplow_tracker.self_describing_json.SelfDescribingJson object at 0x00000294D05AAFE0>, <snowplow_tracker.self_describing_json.SelfDescribingJson object at 0x00000294D05ABB50>]}


============================== 17:09:54.154539 | 903422a5-42be-48c8-a8a8-51be392e590a ==============================
[0m17:09:54.154539 [info ] [MainThread]: Running with dbt=1.7.18
[0m17:09:54.155539 [debug] [MainThread]: running dbt with arguments {'printer_width': '80', 'indirect_selection': 'eager', 'write_json': 'True', 'log_cache_events': 'False', 'partial_parse': 'True', 'cache_selected_only': 'False', 'warn_error': 'None', 'version_check': 'True', 'fail_fast': 'False', 'log_path': 'logs', 'profiles_dir': 'C:\\Users\\mwecker\\.dbt', 'debug': 'False', 'use_colors': 'True', 'use_experimental_parser': 'False', 'no_print': 'None', 'quiet': 'False', 'warn_error_options': 'WarnErrorOptions(include=[], exclude=[])', 'invocation_command': 'dbt run', 'log_format': 'default', 'static_parser': 'True', 'target_path': 'None', 'introspect': 'True', 'send_anonymous_usage_stats': 'True'}
[0m17:09:54.156536 [error] [MainThread]: Encountered an error:
Runtime Error
  No dbt_project.yml found at expected path C:\Users\mwecker\Documents\dbt\dbt_project.yml
  Verify that each entry within packages.yml (and their transitive dependencies) contains a file named dbt_project.yml
  
[0m17:09:54.158538 [debug] [MainThread]: Command `dbt run` failed at 17:09:54.158538 after 0.16 seconds
[0m17:09:54.158538 [debug] [MainThread]: Sending event: {'category': 'dbt', 'action': 'invocation', 'label': 'end', 'context': [<snowplow_tracker.self_describing_json.SelfDescribingJson object at 0x00000294CDAC8B50>, <snowplow_tracker.self_describing_json.SelfDescribingJson object at 0x00000294D05A8BB0>, <snowplow_tracker.self_describing_json.SelfDescribingJson object at 0x00000294D05AA680>]}
[0m17:09:54.159534 [debug] [MainThread]: Flushing usage events
[0m17:13:02.555239 [debug] [MainThread]: Sending event: {'category': 'dbt', 'action': 'invocation', 'label': 'start', 'context': [<snowplow_tracker.self_describing_json.SelfDescribingJson object at 0x000001633B848BE0>, <snowplow_tracker.self_describing_json.SelfDescribingJson object at 0x000001633E32C400>, <snowplow_tracker.self_describing_json.SelfDescribingJson object at 0x000001633E32FB50>]}


============================== 17:13:02.558235 | 343f5b25-c627-4511-a6ab-5b45106fefd2 ==============================
[0m17:13:02.558235 [info ] [MainThread]: Running with dbt=1.7.18
[0m17:13:02.559235 [debug] [MainThread]: running dbt with arguments {'printer_width': '80', 'indirect_selection': 'eager', 'log_cache_events': 'False', 'write_json': 'True', 'partial_parse': 'True', 'cache_selected_only': 'False', 'profiles_dir': 'C:\\Users\\mwecker\\.dbt', 'fail_fast': 'False', 'version_check': 'True', 'log_path': 'logs', 'warn_error': 'None', 'debug': 'False', 'use_colors': 'True', 'use_experimental_parser': 'False', 'no_print': 'None', 'quiet': 'False', 'log_format': 'default', 'static_parser': 'True', 'invocation_command': 'dbt init dbtlearn', 'introspect': 'True', 'target_path': 'None', 'warn_error_options': 'WarnErrorOptions(include=[], exclude=[])', 'send_anonymous_usage_stats': 'True'}
[0m17:13:02.560235 [debug] [MainThread]: Starter project path: C:\Users\mwecker\Documents\dbt\venv\lib\site-packages\dbt\include\starter_project
[0m17:13:02.594845 [info ] [MainThread]: 
Your new dbt project "dbtlearn" was created!

For more information on how to configure the profiles.yml file,
please consult the dbt documentation here:

  https://docs.getdbt.com/docs/configure-your-profile

One more thing:

Need help? Don't hesitate to reach out to us via GitHub issues or on Slack:

  https://community.getdbt.com/

Happy modeling!

[0m17:13:02.595843 [info ] [MainThread]: Setting up your profile.
[0m17:16:51.406090 [info ] [MainThread]: Profile dbtlearn written to C:\Users\mwecker\.dbt\profiles.yml using target's profile_template.yml and your supplied values. Run 'dbt debug' to validate the connection.
[0m17:16:51.408094 [debug] [MainThread]: Command `dbt init` succeeded at 17:16:51.408094 after 229.08 seconds
[0m17:16:51.409100 [debug] [MainThread]: Sending event: {'category': 'dbt', 'action': 'invocation', 'label': 'end', 'context': [<snowplow_tracker.self_describing_json.SelfDescribingJson object at 0x000001633B848BE0>, <snowplow_tracker.self_describing_json.SelfDescribingJson object at 0x000001633E32DF00>, <snowplow_tracker.self_describing_json.SelfDescribingJson object at 0x000001633E32EF50>]}
[0m17:16:51.410607 [debug] [MainThread]: Flushing usage events
[0m20:32:38.836688 [debug] [MainThread]: Sending event: {'category': 'dbt', 'action': 'invocation', 'label': 'start', 'context': [<snowplow_tracker.self_describing_json.SelfDescribingJson object at 0x000001F233184B80>, <snowplow_tracker.self_describing_json.SelfDescribingJson object at 0x000001F235C6E4D0>, <snowplow_tracker.self_describing_json.SelfDescribingJson object at 0x000001F235C6F2B0>]}


============================== 20:32:38.852198 | bf09690f-3076-44da-b688-db276b087175 ==============================
[0m20:32:38.852198 [info ] [MainThread]: Running with dbt=1.7.18
[0m20:32:38.853199 [debug] [MainThread]: running dbt with arguments {'printer_width': '80', 'indirect_selection': 'eager', 'log_cache_events': 'False', 'write_json': 'True', 'partial_parse': 'True', 'cache_selected_only': 'False', 'warn_error': 'None', 'fail_fast': 'False', 'version_check': 'True', 'log_path': 'logs', 'debug': 'False', 'profiles_dir': 'C:\\Users\\mwecker\\.dbt', 'use_colors': 'True', 'use_experimental_parser': 'False', 'no_print': 'None', 'quiet': 'False', 'warn_error_options': 'WarnErrorOptions(include=[], exclude=[])', 'introspect': 'True', 'static_parser': 'True', 'log_format': 'default', 'target_path': 'None', 'invocation_command': 'dbt deps', 'send_anonymous_usage_stats': 'True'}
[0m20:32:38.855200 [error] [MainThread]: Encountered an error:
Runtime Error
  No dbt_project.yml found at expected path C:\Users\mwecker\Documents\dbt\dbt_project.yml
  Verify that each entry within packages.yml (and their transitive dependencies) contains a file named dbt_project.yml
  
[0m20:32:38.856199 [debug] [MainThread]: Command `dbt deps` failed at 20:32:38.856199 after 0.25 seconds
[0m20:32:38.857199 [debug] [MainThread]: Sending event: {'category': 'dbt', 'action': 'invocation', 'label': 'end', 'context': [<snowplow_tracker.self_describing_json.SelfDescribingJson object at 0x000001F233184B80>, <snowplow_tracker.self_describing_json.SelfDescribingJson object at 0x000001F235C6C0D0>, <snowplow_tracker.self_describing_json.SelfDescribingJson object at 0x000001F235C6E5C0>]}
[0m20:32:38.858198 [debug] [MainThread]: Flushing usage events
[0m22:21:07.559529 [debug] [MainThread]: Sending event: {'category': 'dbt', 'action': 'invocation', 'label': 'start', 'context': [<snowplow_tracker.self_describing_json.SelfDescribingJson object at 0x000001D7F2AD8B20>, <snowplow_tracker.self_describing_json.SelfDescribingJson object at 0x000001D7F55BEFE0>, <snowplow_tracker.self_describing_json.SelfDescribingJson object at 0x000001D7F55BFB50>]}


============================== 22:21:07.563532 | 7dc82785-6770-4b7a-90d4-805a0ad88c29 ==============================
[0m22:21:07.563532 [info ] [MainThread]: Running with dbt=1.7.18
[0m22:21:07.565527 [debug] [MainThread]: running dbt with arguments {'printer_width': '80', 'indirect_selection': 'eager', 'write_json': 'True', 'log_cache_events': 'False', 'partial_parse': 'True', 'cache_selected_only': 'False', 'warn_error': 'None', 'fail_fast': 'False', 'profiles_dir': 'C:\\Users\\mwecker\\.dbt', 'log_path': 'logs', 'debug': 'False', 'version_check': 'True', 'use_colors': 'True', 'use_experimental_parser': 'False', 'no_print': 'None', 'quiet': 'False', 'log_format': 'default', 'introspect': 'True', 'invocation_command': 'dbt run', 'static_parser': 'True', 'target_path': 'None', 'warn_error_options': 'WarnErrorOptions(include=[], exclude=[])', 'send_anonymous_usage_stats': 'True'}
[0m22:21:07.565527 [error] [MainThread]: Encountered an error:
Runtime Error
  No dbt_project.yml found at expected path C:\Users\mwecker\Documents\dbt\dbt_project.yml
  Verify that each entry within packages.yml (and their transitive dependencies) contains a file named dbt_project.yml
  
[0m22:21:07.566531 [debug] [MainThread]: Command `dbt run` failed at 22:21:07.566531 after 0.16 seconds
[0m22:21:07.567546 [debug] [MainThread]: Sending event: {'category': 'dbt', 'action': 'invocation', 'label': 'end', 'context': [<snowplow_tracker.self_describing_json.SelfDescribingJson object at 0x000001D7F2AD8B20>, <snowplow_tracker.self_describing_json.SelfDescribingJson object at 0x000001D7F55BD420>, <snowplow_tracker.self_describing_json.SelfDescribingJson object at 0x000001D7F55BE680>]}
[0m22:21:07.568570 [debug] [MainThread]: Flushing usage events
